<?xml version="1.0" encoding="UTF-8"?>
<testsuite xmlns:xsi="http://www.w3.org/2001/XMLSchema-instance" xsi:noNamespaceSchemaLocation="https://maven.apache.org/surefire/maven-surefire-plugin/xsd/surefire-test-report-3.0.xsd" version="3.0" name="com.ibm.brix.rest.SEEndpointTest" time="0.201" tests="4" errors="0" skipped="0" failures="0">
  <properties>
[...]
</properties>
  <testcase name="testDeleteSEEndpoint" classname="com.ibm.brix.rest.SEEndpointTest" time="0.04"/>
  <testcase name="testCount" classname="com.ibm.brix.rest.SEEndpointTest" time="0.092"/>
  <testcase name="testGetById" classname="com.ibm.brix.rest.SEEndpointTest" time="0.02"/>
  <testcase name="testListAllSEEndpoint" classname="com.ibm.brix.rest.SEEndpointTest" time="0.032"/>
</testsuite>